<?xml version="1.0" encoding="UTF-8"?>
<!-- Generated by org.testng.reporters.JUnitReportReporter -->
<testsuite skipped="0" hostname="DELL-FZ1V2J2" name="test.StudentTest" tests="2" failures="0" timestamp="2019-10-25T18:06:08 BRT" time="2.759" errors="0">
  <testcase name="postApartments" time="2.662" classname="test.StudentTest"/>
  <testcase name="getApartments" time="0.097" classname="test.StudentTest"/>
</testsuite> <!-- test.StudentTest -->
